28 Apr 2013 ;15:51:20. DEBUG [WindowsActionHandler.java:70] Button code send: b n
28 Apr 2013 ;15:51:20. DEBUG [WindowsActionHandler.java:71] Decoded code    : b n
28 Apr 2013 ;15:51:20. DEBUG [WindowsActionHandler.java:70] Button code send: b n
28 Apr 2013 ;15:51:20. DEBUG [WindowsActionHandler.java:71] Decoded code    : b n
28 Apr 2013 ;15:51:20. DEBUG [WindowsActionHandler.java:70] Button code send: b n
28 Apr 2013 ;15:51:20. DEBUG [WindowsActionHandler.java:71] Decoded code    : b n
28 Apr 2013 ;15:51:26. DEBUG [WindowsActionHandler.java:70] Button code send: 1 1 n
28 Apr 2013 ;15:51:26. DEBUG [WindowsActionHandler.java:71] Decoded code    : 1 1 n
28 Apr 2013 ;15:51:26. DEBUG [WindowsActionHandler.java:70] Button code send: 1 1 n
28 Apr 2013 ;15:51:26. DEBUG [WindowsActionHandler.java:71] Decoded code    : 1 1 n
28 Apr 2013 ;15:51:26. DEBUG [WindowsActionHandler.java:70] Button code send: 1 1 n
28 Apr 2013 ;15:51:26. DEBUG [WindowsActionHandler.java:71] Decoded code    : 1 1 n
28 Apr 2013 ;15:51:26. DEBUG [WindowsActionHandler.java:70] Button code send: 1 4 n
28 Apr 2013 ;15:51:26. DEBUG [WindowsActionHandler.java:71] Decoded code    : 1 4 n
28 Apr 2013 ;15:51:27. DEBUG [WindowsActionHandler.java:70] Button code send: 1 4 n
28 Apr 2013 ;15:51:27. DEBUG [WindowsActionHandler.java:71] Decoded code    : 1 4 n
28 Apr 2013 ;15:51:27. DEBUG [WindowsActionHandler.java:70] Button code send: 1 4 n
28 Apr 2013 ;15:51:27. DEBUG [WindowsActionHandler.java:71] Decoded code    : 1 4 n
28 Apr 2013 ;15:51:27. DEBUG [WindowsActionHandler.java:70] Button code send: 1 5 n
28 Apr 2013 ;15:51:27. DEBUG [WindowsActionHandler.java:71] Decoded code    : 1 5 n
28 Apr 2013 ;15:51:27. DEBUG [WindowsActionHandler.java:70] Button code send: 1 5 n
28 Apr 2013 ;15:51:27. DEBUG [WindowsActionHandler.java:71] Decoded code    : 1 5 n
28 Apr 2013 ;15:51:27. DEBUG [WindowsActionHandler.java:70] Button code send: 1 5 n
28 Apr 2013 ;15:51:27. DEBUG [WindowsActionHandler.java:71] Decoded code    : 1 5 n
28 Apr 2013 ;15:51:27. DEBUG [WindowsActionHandler.java:70] Button code send: 1 6 n
28 Apr 2013 ;15:51:27. DEBUG [WindowsActionHandler.java:71] Decoded code    : 1 6 n
28 Apr 2013 ;15:51:28. DEBUG [WindowsActionHandler.java:70] Button code send: 1 6 n
28 Apr 2013 ;15:51:28. DEBUG [WindowsActionHandler.java:71] Decoded code    : 1 6 n
28 Apr 2013 ;15:51:28. DEBUG [WindowsActionHandler.java:70] Button code send: 1 6 n
28 Apr 2013 ;15:51:28. DEBUG [WindowsActionHandler.java:71] Decoded code    : 1 6 n
28 Apr 2013 ;15:52:12. DEBUG [WindowsActionHandler.java:70] Button code send: b nb n
28 Apr 2013 ;15:52:12. DEBUG [WindowsActionHandler.java:71] Decoded code    : b nb n
28 Apr 2013 ;15:52:12. DEBUG [WindowsActionHandler.java:70] Button code send: b n
28 Apr 2013 ;15:52:12. DEBUG [WindowsActionHandler.java:71] Decoded code    : b n
28 Apr 2013 ;15:52:12. DEBUG [WindowsActionHandler.java:70] Button code send: b n
28 Apr 2013 ;15:52:12. DEBUG [WindowsActionHandler.java:71] Decoded code    : b n
28 Apr 2013 ;15:52:13. DEBUG [WindowsActionHandler.java:70] Button code send: a n
28 Apr 2013 ;15:52:13. DEBUG [WindowsActionHandler.java:71] Decoded code    : a n
28 Apr 2013 ;15:52:14. DEBUG [WindowsActionHandler.java:70] Button code send: a n
28 Apr 2013 ;15:52:14. DEBUG [WindowsActionHandler.java:71] Decoded code    : a n
28 Apr 2013 ;15:52:14. DEBUG [WindowsActionHandler.java:70] Button code send: a n
28 Apr 2013 ;15:52:14. DEBUG [WindowsActionHandler.java:71] Decoded code    : a n
28 Apr 2013 ;15:52:14. DEBUG [WindowsActionHandler.java:70] Button code send: a n
28 Apr 2013 ;15:52:14. DEBUG [WindowsActionHandler.java:71] Decoded code    : a n
28 Apr 2013 ;15:52:28. DEBUG [WindowsActionHandler.java:70] Button code send: 1 1 n
28 Apr 2013 ;15:52:28. DEBUG [WindowsActionHandler.java:71] Decoded code    : 1 1 n
28 Apr 2013 ;15:52:28. DEBUG [WindowsActionHandler.java:70] Button code send: 1 1 n
28 Apr 2013 ;15:52:28. DEBUG [WindowsActionHandler.java:71] Decoded code    : 1 1 n
28 Apr 2013 ;15:52:28. DEBUG [WindowsActionHandler.java:70] Button code send: 1 1 n
28 Apr 2013 ;15:52:28. DEBUG [WindowsActionHandler.java:71] Decoded code    : 1 1 n
28 Apr 2013 ;15:52:29. DEBUG [WindowsActionHandler.java:70] Button code send: 1 4 n
28 Apr 2013 ;15:52:29. DEBUG [WindowsActionHandler.java:71] Decoded code    : 1 4 n
28 Apr 2013 ;15:52:29. DEBUG [WindowsActionHandler.java:70] Button code send: 1 4 n
28 Apr 2013 ;15:52:29. DEBUG [WindowsActionHandler.java:71] Decoded code    : 1 4 n
28 Apr 2013 ;15:52:29. DEBUG [WindowsActionHandler.java:70] Button code send: 1 4 n
28 Apr 2013 ;15:52:29. DEBUG [WindowsActionHandler.java:71] Decoded code    : 1 4 n
28 Apr 2013 ;15:52:29. DEBUG [WindowsActionHandler.java:70] Button code send: 1 5 n
28 Apr 2013 ;15:52:29. DEBUG [WindowsActionHandler.java:71] Decoded code    : 1 5 n
28 Apr 2013 ;15:52:29. DEBUG [WindowsActionHandler.java:70] Button code send: 1 5 n
28 Apr 2013 ;15:52:29. DEBUG [WindowsActionHandler.java:71] Decoded code    : 1 5 n
28 Apr 2013 ;15:52:30. DEBUG [WindowsActionHandler.java:70] Button code send: 1 5 n
28 Apr 2013 ;15:52:30. DEBUG [WindowsActionHandler.java:71] Decoded code    : 1 5 n
28 Apr 2013 ;15:52:30. DEBUG [WindowsActionHandler.java:70] Button code send: 1 6 n
28 Apr 2013 ;15:52:30. DEBUG [WindowsActionHandler.java:71] Decoded code    : 1 6 n
28 Apr 2013 ;15:52:30. DEBUG [WindowsActionHandler.java:70] Button code send: 1 6 n
28 Apr 2013 ;15:52:30. DEBUG [WindowsActionHandler.java:71] Decoded code    : 1 6 n
28 Apr 2013 ;15:52:30. DEBUG [WindowsActionHandler.java:70] Button code send: 1 6 n
28 Apr 2013 ;15:52:30. DEBUG [WindowsActionHandler.java:71] Decoded code    : 1 6 n
28 Apr 2013 ;15:52:33. DEBUG [WindowsActionHandler.java:70] Button code send: 2 1 n
28 Apr 2013 ;15:52:33. DEBUG [WindowsActionHandler.java:71] Decoded code    : 2 1 n
28 Apr 2013 ;15:52:33. DEBUG [WindowsActionHandler.java:70] Button code send: 2 1 n
28 Apr 2013 ;15:52:33. DEBUG [WindowsActionHandler.java:71] Decoded code    : 2 1 n
28 Apr 2013 ;15:52:33. DEBUG [WindowsActionHandler.java:70] Button code send: 2 1 n
28 Apr 2013 ;15:52:33. DEBUG [WindowsActionHandler.java:71] Decoded code    : 2 1 n
28 Apr 2013 ;15:52:34. DEBUG [WindowsActionHandler.java:70] Button code send: 2 5 n
28 Apr 2013 ;15:52:34. DEBUG [WindowsActionHandler.java:71] Decoded code    : 2 5 n
28 Apr 2013 ;15:52:34. DEBUG [WindowsActionHandler.java:70] Button code send: 2 5 n
28 Apr 2013 ;15:52:34. DEBUG [WindowsActionHandler.java:71] Decoded code    : 2 5 n
28 Apr 2013 ;15:52:34. DEBUG [WindowsActionHandler.java:70] Button code send: 2 5 n
28 Apr 2013 ;15:52:34. DEBUG [WindowsActionHandler.java:71] Decoded code    : 2 5 n
28 Apr 2013 ;15:52:36. DEBUG [WindowsActionHandler.java:70] Button code send: 3 1 n
28 Apr 2013 ;15:52:36. DEBUG [WindowsActionHandler.java:71] Decoded code    : 3 1 n
28 Apr 2013 ;15:52:36. DEBUG [WindowsActionHandler.java:70] Button code send: 3 1 n
28 Apr 2013 ;15:52:36. DEBUG [WindowsActionHandler.java:71] Decoded code    : 3 1 n
28 Apr 2013 ;15:52:36. DEBUG [WindowsActionHandler.java:70] Button code send: 3 1 n
28 Apr 2013 ;15:52:36. DEBUG [WindowsActionHandler.java:71] Decoded code    : 3 1 n
28 Apr 2013 ;15:52:37. DEBUG [WindowsActionHandler.java:70] Button code send: 3 2 n
28 Apr 2013 ;15:52:37. DEBUG [WindowsActionHandler.java:71] Decoded code    : 3 2 n
28 Apr 2013 ;15:52:37. DEBUG [WindowsActionHandler.java:70] Button code send: 3 2 n
28 Apr 2013 ;15:52:37. DEBUG [WindowsActionHandler.java:71] Decoded code    : 3 2 n
28 Apr 2013 ;15:52:37. DEBUG [WindowsActionHandler.java:70] Button code send: 3 2 n
28 Apr 2013 ;15:52:37. DEBUG [WindowsActionHandler.java:71] Decoded code    : 3 2 n
28 Apr 2013 ;15:52:38. DEBUG [WindowsActionHandler.java:70] Button code send: 3 4 n
28 Apr 2013 ;15:52:38. DEBUG [WindowsActionHandler.java:71] Decoded code    : 3 4 n
28 Apr 2013 ;15:52:38. DEBUG [WindowsActionHandler.java:70] Button code send: 3 4 n
28 Apr 2013 ;15:52:38. DEBUG [WindowsActionHandler.java:71] Decoded code    : 3 4 n
28 Apr 2013 ;15:52:38. DEBUG [WindowsActionHandler.java:70] Button code send: 3 4 n
28 Apr 2013 ;15:52:38. DEBUG [WindowsActionHandler.java:71] Decoded code    : 3 4 n
28 Apr 2013 ;15:52:39. DEBUG [WindowsActionHandler.java:70] Button code send: 3 5 n
28 Apr 2013 ;15:52:39. DEBUG [WindowsActionHandler.java:71] Decoded code    : 3 5 n
28 Apr 2013 ;15:52:39. DEBUG [WindowsActionHandler.java:70] Button code send: 3 5 n
28 Apr 2013 ;15:52:39. DEBUG [WindowsActionHandler.java:71] Decoded code    : 3 5 n
28 Apr 2013 ;15:52:39. DEBUG [WindowsActionHandler.java:70] Button code send: 3 5 n
28 Apr 2013 ;15:52:39. DEBUG [WindowsActionHandler.java:71] Decoded code    : 3 5 n
28 Apr 2013 ;15:52:41. DEBUG [WindowsActionHandler.java:70] Button code send: a n
28 Apr 2013 ;15:52:41. DEBUG [WindowsActionHandler.java:71] Decoded code    : a n
28 Apr 2013 ;15:52:41. DEBUG [WindowsActionHandler.java:70] Button code send: a n
28 Apr 2013 ;15:52:41. DEBUG [WindowsActionHandler.java:71] Decoded code    : a n
28 Apr 2013 ;15:52:41. DEBUG [WindowsActionHandler.java:70] Button code send: a n
28 Apr 2013 ;15:52:41. DEBUG [WindowsActionHandler.java:71] Decoded code    : a n
28 Apr 2013 ;15:52:42. DEBUG [WindowsActionHandler.java:70] Button code send: a n
28 Apr 2013 ;15:52:42. DEBUG [WindowsActionHandler.java:71] Decoded code    : a n
28 Apr 2013 ;15:52:53. DEBUG [WindowsActionHandler.java:70] Button code send: 1 4 n
28 Apr 2013 ;15:52:53. DEBUG [WindowsActionHandler.java:71] Decoded code    : 1 4 n
28 Apr 2013 ;15:52:53. DEBUG [WindowsActionHandler.java:70] Button code send: 1 4 n
28 Apr 2013 ;15:52:53. DEBUG [WindowsActionHandler.java:71] Decoded code    : 1 4 n
28 Apr 2013 ;15:52:53. DEBUG [WindowsActionHandler.java:70] Button code send: 1 4 n
28 Apr 2013 ;15:52:53. DEBUG [WindowsActionHandler.java:71] Decoded code    : 1 4 n
28 Apr 2013 ;15:52:53. DEBUG [WindowsActionHandler.java:70] Button code send: 1 5 n
28 Apr 2013 ;15:52:53. DEBUG [WindowsActionHandler.java:71] Decoded code    : 1 5 n
28 Apr 2013 ;15:52:53. DEBUG [WindowsActionHandler.java:70] Button code send: 1 5 n
28 Apr 2013 ;15:52:53. DEBUG [WindowsActionHandler.java:71] Decoded code    : 1 5 n
28 Apr 2013 ;15:52:54. DEBUG [WindowsActionHandler.java:70] Button code send: 1 5 n
28 Apr 2013 ;15:52:54. DEBUG [WindowsActionHandler.java:71] Decoded code    : 1 5 n
28 Apr 2013 ;15:53:04. DEBUG [WindowsActionHandler.java:70] Button code send: 2 2 n
28 Apr 2013 ;15:53:04. DEBUG [WindowsActionHandler.java:71] Decoded code    : 2 2 n
28 Apr 2013 ;15:53:04. DEBUG [WindowsActionHandler.java:70] Button code send: 2 2 n
28 Apr 2013 ;15:53:04. DEBUG [WindowsActionHandler.java:71] Decoded code    : 2 2 n
28 Apr 2013 ;15:53:04. DEBUG [WindowsActionHandler.java:70] Button code send: 2 2 n
28 Apr 2013 ;15:53:04. DEBUG [WindowsActionHandler.java:71] Decoded code    : 2 2 n
28 Apr 2013 ;15:53:04. DEBUG [WindowsActionHandler.java:70] Button code send: 2 4 n
28 Apr 2013 ;15:53:04. DEBUG [WindowsActionHandler.java:71] Decoded code    : 2 4 n
28 Apr 2013 ;15:53:05. DEBUG [WindowsActionHandler.java:70] Button code send: 2 4 n
28 Apr 2013 ;15:53:05. DEBUG [WindowsActionHandler.java:71] Decoded code    : 2 4 n
28 Apr 2013 ;15:53:05. DEBUG [WindowsActionHandler.java:70] Button code send: 2 4 n
28 Apr 2013 ;15:53:05. DEBUG [WindowsActionHandler.java:71] Decoded code    : 2 4 n
28 Apr 2013 ;15:53:07. DEBUG [WindowsActionHandler.java:70] Button code send: 3 2 n
28 Apr 2013 ;15:53:07. DEBUG [WindowsActionHandler.java:71] Decoded code    : 3 2 n
28 Apr 2013 ;15:53:07. DEBUG [WindowsActionHandler.java:70] Button code send: 3 2 n
28 Apr 2013 ;15:53:07. DEBUG [WindowsActionHandler.java:71] Decoded code    : 3 2 n
28 Apr 2013 ;15:53:07. DEBUG [WindowsActionHandler.java:70] Button code send: 3 2 n
28 Apr 2013 ;15:53:07. DEBUG [WindowsActionHandler.java:71] Decoded code    : 3 2 n
28 Apr 2013 ;15:53:07. DEBUG [WindowsActionHandler.java:70] Button code send: 3 4 n
28 Apr 2013 ;15:53:07. DEBUG [WindowsActionHandler.java:71] Decoded code    : 3 4 n
28 Apr 2013 ;15:53:08. DEBUG [WindowsActionHandler.java:70] Button code send: 3 4 n
28 Apr 2013 ;15:53:08. DEBUG [WindowsActionHandler.java:71] Decoded code    : 3 4 n
28 Apr 2013 ;15:53:08. DEBUG [WindowsActionHandler.java:70] Button code send: 3 4 n
28 Apr 2013 ;15:53:08. DEBUG [WindowsActionHandler.java:71] Decoded code    : 3 4 n
28 Apr 2013 ;15:53:10. DEBUG [WindowsActionHandler.java:70] Button code send: a n
28 Apr 2013 ;15:53:10. DEBUG [WindowsActionHandler.java:71] Decoded code    : a n
28 Apr 2013 ;15:53:11. DEBUG [WindowsActionHandler.java:70] Button code send: a na n
28 Apr 2013 ;15:53:11. DEBUG [WindowsActionHandler.java:71] Decoded code    : a na n
28 Apr 2013 ;15:53:11. DEBUG [WindowsActionHandler.java:70] Button code send: a n
28 Apr 2013 ;15:53:11. DEBUG [WindowsActionHandler.java:71] Decoded code    : a n
28 Apr 2013 ;15:53:20. DEBUG [WindowsActionHandler.java:70] Button code send: 1 1 n
28 Apr 2013 ;15:53:20. DEBUG [WindowsActionHandler.java:71] Decoded code    : 1 1 n
28 Apr 2013 ;15:53:20. DEBUG [WindowsActionHandler.java:70] Button code send: 1 1 n
28 Apr 2013 ;15:53:20. DEBUG [WindowsActionHandler.java:71] Decoded code    : 1 1 n
28 Apr 2013 ;15:53:20. DEBUG [WindowsActionHandler.java:70] Button code send: 1 1 n
28 Apr 2013 ;15:53:20. DEBUG [WindowsActionHandler.java:71] Decoded code    : 1 1 n
28 Apr 2013 ;15:53:21. DEBUG [WindowsActionHandler.java:70] Button code send: 1 4 n
28 Apr 2013 ;15:53:21. DEBUG [WindowsActionHandler.java:71] Decoded code    : 1 4 n
28 Apr 2013 ;15:53:21. DEBUG [WindowsActionHandler.java:70] Button code send: 1 4 n
28 Apr 2013 ;15:53:21. DEBUG [WindowsActionHandler.java:71] Decoded code    : 1 4 n
28 Apr 2013 ;15:53:21. DEBUG [WindowsActionHandler.java:70] Button code send: 1 4 n
28 Apr 2013 ;15:53:21. DEBUG [WindowsActionHandler.java:71] Decoded code    : 1 4 n
28 Apr 2013 ;15:53:22. DEBUG [WindowsActionHandler.java:70] Button code send: 1 5 n
28 Apr 2013 ;15:53:22. DEBUG [WindowsActionHandler.java:71] Decoded code    : 1 5 n
28 Apr 2013 ;15:53:22. DEBUG [WindowsActionHandler.java:70] Button code send: 1 5 n
28 Apr 2013 ;15:53:22. DEBUG [WindowsActionHandler.java:71] Decoded code    : 1 5 n
28 Apr 2013 ;15:53:22. DEBUG [WindowsActionHandler.java:70] Button code send: 1 5 n
28 Apr 2013 ;15:53:22. DEBUG [WindowsActionHandler.java:71] Decoded code    : 1 5 n
28 Apr 2013 ;15:53:22. DEBUG [WindowsActionHandler.java:70] Button code send: 1 6 n
28 Apr 2013 ;15:53:22. DEBUG [WindowsActionHandler.java:71] Decoded code    : 1 6 n
28 Apr 2013 ;15:53:22. DEBUG [WindowsActionHandler.java:70] Button code send: 1 6 n
28 Apr 2013 ;15:53:22. DEBUG [WindowsActionHandler.java:71] Decoded code    : 1 6 n
28 Apr 2013 ;15:53:23. DEBUG [WindowsActionHandler.java:70] Button code send: 1 6 n
28 Apr 2013 ;15:53:23. DEBUG [WindowsActionHandler.java:71] Decoded code    : 1 6 n
28 Apr 2013 ;15:53:25. DEBUG [WindowsActionHandler.java:70] Button code send: 2 1 n
28 Apr 2013 ;15:53:25. DEBUG [WindowsActionHandler.java:71] Decoded code    : 2 1 n
28 Apr 2013 ;15:53:25. DEBUG [WindowsActionHandler.java:70] Button code send: 2 1 n
28 Apr 2013 ;15:53:25. DEBUG [WindowsActionHandler.java:71] Decoded code    : 2 1 n
28 Apr 2013 ;15:53:25. DEBUG [WindowsActionHandler.java:70] Button code send: 2 1 n
28 Apr 2013 ;15:53:25. DEBUG [WindowsActionHandler.java:71] Decoded code    : 2 1 n
28 Apr 2013 ;15:53:25. DEBUG [WindowsActionHandler.java:70] Button code send: 2 5 n
28 Apr 2013 ;15:53:25. DEBUG [WindowsActionHandler.java:71] Decoded code    : 2 5 n
28 Apr 2013 ;15:53:26. DEBUG [WindowsActionHandler.java:70] Button code send: 2 5 n
28 Apr 2013 ;15:53:26. DEBUG [WindowsActionHandler.java:71] Decoded code    : 2 5 n
28 Apr 2013 ;15:53:26. DEBUG [WindowsActionHandler.java:70] Button code send: 2 5 n
28 Apr 2013 ;15:53:26. DEBUG [WindowsActionHandler.java:71] Decoded code    : 2 5 n
28 Apr 2013 ;15:53:28. DEBUG [WindowsActionHandler.java:70] Button code send: 3 1 n
28 Apr 2013 ;15:53:28. DEBUG [WindowsActionHandler.java:71] Decoded code    : 3 1 n
28 Apr 2013 ;15:53:28. DEBUG [WindowsActionHandler.java:70] Button code send: 3 1 n
28 Apr 2013 ;15:53:28. DEBUG [WindowsActionHandler.java:71] Decoded code    : 3 1 n
28 Apr 2013 ;15:53:28. DEBUG [WindowsActionHandler.java:70] Button code send: 3 1 n
28 Apr 2013 ;15:53:28. DEBUG [WindowsActionHandler.java:71] Decoded code    : 3 1 n
28 Apr 2013 ;15:53:29. DEBUG [WindowsActionHandler.java:70] Button code send: 3 2 n
28 Apr 2013 ;15:53:29. DEBUG [WindowsActionHandler.java:71] Decoded code    : 3 2 n
28 Apr 2013 ;15:53:29. DEBUG [WindowsActionHandler.java:70] Button code send: 3 2 n
28 Apr 2013 ;15:53:29. DEBUG [WindowsActionHandler.java:71] Decoded code    : 3 2 n
28 Apr 2013 ;15:53:29. DEBUG [WindowsActionHandler.java:70] Button code send: 3 2 n
28 Apr 2013 ;15:53:29. DEBUG [WindowsActionHandler.java:71] Decoded code    : 3 2 n
28 Apr 2013 ;15:53:30. DEBUG [WindowsActionHandler.java:70] Button code send: 3 4 n
28 Apr 2013 ;15:53:30. DEBUG [WindowsActionHandler.java:71] Decoded code    : 3 4 n
28 Apr 2013 ;15:53:30. DEBUG [WindowsActionHandler.java:70] Button code send: 3 4 n
28 Apr 2013 ;15:53:30. DEBUG [WindowsActionHandler.java:71] Decoded code    : 3 4 n
28 Apr 2013 ;15:53:30. DEBUG [WindowsActionHandler.java:70] Button code send: 3 4 n
28 Apr 2013 ;15:53:30. DEBUG [WindowsActionHandler.java:71] Decoded code    : 3 4 n
28 Apr 2013 ;15:53:30. DEBUG [WindowsActionHandler.java:70] Button code send: 3 5 n
28 Apr 2013 ;15:53:30. DEBUG [WindowsActionHandler.java:71] Decoded code    : 3 5 n
28 Apr 2013 ;15:53:30. DEBUG [WindowsActionHandler.java:70] Button code send: 3 5 n
28 Apr 2013 ;15:53:30. DEBUG [WindowsActionHandler.java:71] Decoded code    : 3 5 n
28 Apr 2013 ;15:53:31. DEBUG [WindowsActionHandler.java:70] Button code send: 3 5 n
28 Apr 2013 ;15:53:31. DEBUG [WindowsActionHandler.java:71] Decoded code    : 3 5 n
29 Apr 2013 ;19:37:29. DEBUG [WindowsActionHandler.java:70] Button code send: b n
29 Apr 2013 ;19:37:29. DEBUG [WindowsActionHandler.java:71] Decoded code    : b n
29 Apr 2013 ;19:37:29. DEBUG [WindowsActionHandler.java:70] Button code send: b n
29 Apr 2013 ;19:37:29. DEBUG [WindowsActionHandler.java:71] Decoded code    : b n
29 Apr 2013 ;19:37:31. DEBUG [WindowsActionHandler.java:70] Button code send: a n
29 Apr 2013 ;19:37:31. DEBUG [WindowsActionHandler.java:71] Decoded code    : a n
29 Apr 2013 ;19:37:31. DEBUG [WindowsActionHandler.java:70] Button code send: a n
29 Apr 2013 ;19:37:31. DEBUG [WindowsActionHandler.java:71] Decoded code    : a n
29 Apr 2013 ;19:37:31. DEBUG [WindowsActionHandler.java:70] Button code send: a n
29 Apr 2013 ;19:37:31. DEBUG [WindowsActionHandler.java:71] Decoded code    : a n
29 Apr 2013 ;19:37:31. DEBUG [WindowsActionHandler.java:70] Button code send: a n
29 Apr 2013 ;19:37:31. DEBUG [WindowsActionHandler.java:71] Decoded code    : a n
29 Apr 2013 ;19:37:31. DEBUG [WindowsActionHandler.java:70] Button code send: a n
29 Apr 2013 ;19:37:31. DEBUG [WindowsActionHandler.java:71] Decoded code    : a n
29 Apr 2013 ;19:37:33. DEBUG [WindowsActionHandler.java:70] Button code send: a n
29 Apr 2013 ;19:37:33. DEBUG [WindowsActionHandler.java:71] Decoded code    : a n
29 Apr 2013 ;19:37:33. DEBUG [WindowsActionHandler.java:70] Button code send: a na n
29 Apr 2013 ;19:37:33. DEBUG [WindowsActionHandler.java:71] Decoded code    : a na n
29 Apr 2013 ;19:37:33. DEBUG [WindowsActionHandler.java:70] Button code send: a n
29 Apr 2013 ;19:37:33. DEBUG [WindowsActionHandler.java:71] Decoded code    : a n
29 Apr 2013 ;19:37:41. DEBUG [WindowsActionHandler.java:70] Button code send: 1 1 n
29 Apr 2013 ;19:37:41. DEBUG [WindowsActionHandler.java:71] Decoded code    : 1 1 n
29 Apr 2013 ;19:37:41. DEBUG [WindowsActionHandler.java:70] Button code send: 1 1 n
29 Apr 2013 ;19:37:41. DEBUG [WindowsActionHandler.java:71] Decoded code    : 1 1 n
29 Apr 2013 ;19:37:41. DEBUG [WindowsActionHandler.java:70] Button code send: 1 1 n
29 Apr 2013 ;19:37:41. DEBUG [WindowsActionHandler.java:71] Decoded code    : 1 1 n
29 Apr 2013 ;19:37:41. DEBUG [WindowsActionHandler.java:70] Button code send: 1 4 n
29 Apr 2013 ;19:37:41. DEBUG [WindowsActionHandler.java:71] Decoded code    : 1 4 n
29 Apr 2013 ;19:37:42. DEBUG [WindowsActionHandler.java:70] Button code send: 1 4 n
29 Apr 2013 ;19:37:42. DEBUG [WindowsActionHandler.java:71] Decoded code    : 1 4 n
29 Apr 2013 ;19:37:42. DEBUG [WindowsActionHandler.java:70] Button code send: 1 4 n
29 Apr 2013 ;19:37:42. DEBUG [WindowsActionHandler.java:71] Decoded code    : 1 4 n
29 Apr 2013 ;19:37:42. DEBUG [WindowsActionHandler.java:70] Button code send: 1 5 n
29 Apr 2013 ;19:37:42. DEBUG [WindowsActionHandler.java:71] Decoded code    : 1 5 n
29 Apr 2013 ;19:37:42. DEBUG [WindowsActionHandler.java:70] Button code send: 1 5 n
29 Apr 2013 ;19:37:42. DEBUG [WindowsActionHandler.java:71] Decoded code    : 1 5 n
29 Apr 2013 ;19:37:42. DEBUG [WindowsActionHandler.java:70] Button code send: 1 5 n
29 Apr 2013 ;19:37:42. DEBUG [WindowsActionHandler.java:71] Decoded code    : 1 5 n
29 Apr 2013 ;19:37:42. DEBUG [WindowsActionHandler.java:70] Button code send: 1 6 n
29 Apr 2013 ;19:37:42. DEBUG [WindowsActionHandler.java:71] Decoded code    : 1 6 n
29 Apr 2013 ;19:37:43. DEBUG [WindowsActionHandler.java:70] Button code send: 1 6 n
29 Apr 2013 ;19:37:43. DEBUG [WindowsActionHandler.java:71] Decoded code    : 1 6 n
29 Apr 2013 ;19:37:43. DEBUG [WindowsActionHandler.java:70] Button code send: 1 6 n
29 Apr 2013 ;19:37:43. DEBUG [WindowsActionHandler.java:71] Decoded code    : 1 6 n
29 Apr 2013 ;19:41:11. DEBUG [WindowsActionHandler.java:70] Button code send: b n
29 Apr 2013 ;19:41:11. DEBUG [WindowsActionHandler.java:71] Decoded code    : b n
29 Apr 2013 ;19:41:11. DEBUG [WindowsActionHandler.java:70] Button code send: b n
29 Apr 2013 ;19:41:11. DEBUG [WindowsActionHandler.java:71] Decoded code    : b n
29 Apr 2013 ;19:41:11. DEBUG [WindowsActionHandler.java:70] Button code send: b n
29 Apr 2013 ;19:41:11. DEBUG [WindowsActionHandler.java:71] Decoded code    : b n
29 Apr 2013 ;19:41:13. DEBUG [WindowsActionHandler.java:70] Button code send: a na n
29 Apr 2013 ;19:41:13. DEBUG [WindowsActionHandler.java:71] Decoded code    : a na n
29 Apr 2013 ;19:41:13. DEBUG [WindowsActionHandler.java:70] Button code send: a n
29 Apr 2013 ;19:41:13. DEBUG [WindowsActionHandler.java:71] Decoded code    : a n
29 Apr 2013 ;19:41:13. DEBUG [WindowsActionHandler.java:70] Button code send: a n
29 Apr 2013 ;19:41:13. DEBUG [WindowsActionHandler.java:71] Decoded code    : a n
29 Apr 2013 ;19:41:23. DEBUG [WindowsActionHandler.java:70] Button code send: 1 1 n
29 Apr 2013 ;19:41:23. DEBUG [WindowsActionHandler.java:71] Decoded code    : 1 1 n
29 Apr 2013 ;19:41:24. DEBUG [WindowsActionHandler.java:70] Button code send: 1 1 n
29 Apr 2013 ;19:41:24. DEBUG [WindowsActionHandler.java:71] Decoded code    : 1 1 n
29 Apr 2013 ;19:41:24. DEBUG [WindowsActionHandler.java:70] Button code send: 1 1 n
29 Apr 2013 ;19:41:24. DEBUG [WindowsActionHandler.java:71] Decoded code    : 1 1 n
29 Apr 2013 ;19:41:24. DEBUG [WindowsActionHandler.java:70] Button code send: 1 4 n
29 Apr 2013 ;19:41:24. DEBUG [WindowsActionHandler.java:71] Decoded code    : 1 4 n
29 Apr 2013 ;19:41:24. DEBUG [WindowsActionHandler.java:70] Button code send: 1 4 n
29 Apr 2013 ;19:41:24. DEBUG [WindowsActionHandler.java:71] Decoded code    : 1 4 n
29 Apr 2013 ;19:41:24. DEBUG [WindowsActionHandler.java:70] Button code send: 1 4 n
29 Apr 2013 ;19:41:24. DEBUG [WindowsActionHandler.java:71] Decoded code    : 1 4 n
29 Apr 2013 ;19:41:24. DEBUG [WindowsActionHandler.java:70] Button code send: 1 5 n
29 Apr 2013 ;19:41:24. DEBUG [WindowsActionHandler.java:71] Decoded code    : 1 5 n
29 Apr 2013 ;19:41:25. DEBUG [WindowsActionHandler.java:70] Button code send: 1 5 n
29 Apr 2013 ;19:41:25. DEBUG [WindowsActionHandler.java:71] Decoded code    : 1 5 n
29 Apr 2013 ;19:41:25. DEBUG [WindowsActionHandler.java:70] Button code send: 1 5 n
29 Apr 2013 ;19:41:25. DEBUG [WindowsActionHandler.java:71] Decoded code    : 1 5 n
29 Apr 2013 ;19:41:25. DEBUG [WindowsActionHandler.java:70] Button code send: 1 6 n
29 Apr 2013 ;19:41:25. DEBUG [WindowsActionHandler.java:71] Decoded code    : 1 6 n
29 Apr 2013 ;19:41:25. DEBUG [WindowsActionHandler.java:70] Button code send: 1 6 n
29 Apr 2013 ;19:41:25. DEBUG [WindowsActionHandler.java:71] Decoded code    : 1 6 n
29 Apr 2013 ;19:41:25. DEBUG [WindowsActionHandler.java:70] Button code send: 1 6 n
29 Apr 2013 ;19:41:25. DEBUG [WindowsActionHandler.java:71] Decoded code    : 1 6 n
