07 Apr 2013 ;17:17:11. INFO [JettyServer.java:44] Initializing server. Port: 8887
07 Apr 2013 ;17:17:11. INFO [JettyServer.java:87] Initializing servlet.
07 Apr 2013 ;17:17:11. INFO [JettyServer.java:46] Server and servlet initialized. Ready for JettyServer#startServer()
07 Apr 2013 ;17:17:12. INFO [JettyServer.java:50] Starting server.
07 Apr 2013 ;17:17:12. INFO [JettyServer.java:52] Server started.
07 Apr 2013 ;17:17:44. INFO [JettyServer.java:44] Initializing server. Port: 8887
07 Apr 2013 ;17:17:44. INFO [JettyServer.java:87] Initializing servlet.
07 Apr 2013 ;17:17:44. INFO [JettyServer.java:46] Server and servlet initialized. Ready for JettyServer#startServer()
07 Apr 2013 ;17:17:45. INFO [JettyServer.java:50] Starting server.
07 Apr 2013 ;17:17:45. INFO [JettyServer.java:52] Server started.
07 Apr 2013 ;17:21:14. INFO [JettyServer.java:44] Initializing server. Port: 8887
07 Apr 2013 ;17:21:14. INFO [JettyServer.java:87] Initializing servlet.
07 Apr 2013 ;17:21:14. INFO [JettyServer.java:46] Server and servlet initialized. Ready for JettyServer#startServer()
07 Apr 2013 ;17:21:15. INFO [JettyServer.java:50] Starting server.
07 Apr 2013 ;17:21:15. INFO [JettyServer.java:52] Server started.
07 Apr 2013 ;17:23:02. INFO [JettyServer.java:44] Initializing server. Port: 8887
07 Apr 2013 ;17:23:02. INFO [JettyServer.java:87] Initializing servlet.
07 Apr 2013 ;17:23:02. INFO [JettyServer.java:46] Server and servlet initialized. Ready for JettyServer#startServer()
07 Apr 2013 ;17:23:03. INFO [JettyServer.java:50] Starting server.
07 Apr 2013 ;17:23:03. INFO [JettyServer.java:52] Server started.
07 Apr 2013 ;17:26:53. INFO [JettyServer.java:44] Initializing server. Port: 8887
07 Apr 2013 ;17:26:53. INFO [JettyServer.java:87] Initializing servlet.
07 Apr 2013 ;17:26:53. INFO [JettyServer.java:46] Server and servlet initialized. Ready for JettyServer#startServer()
07 Apr 2013 ;17:26:54. INFO [JettyServer.java:50] Starting server.
07 Apr 2013 ;17:26:54. INFO [JettyServer.java:52] Server started.
07 Apr 2013 ;17:27:06. INFO [JettyServer.java:57] Stopping server.
07 Apr 2013 ;17:27:06. INFO [JettyServer.java:59] Server stopped.
