28 Apr 2013 ;17:54:39. ERROR [UIActionHandler.java:41] Invalid OS. Emulator only supports Windows/Linux.
28 Apr 2013 ;17:54:39. ERROR [EmulatorLogger.java:56] Exception occurred. Printing stack trace.
java.lang.Exception: Invalid OS. Emulator only supports Windows/Linux.
	at edu.cmu.ui.UIActionHandler.<init>(UIActionHandler.java:42) [bin/:na]
	at edu.cmu.ui.UIActionHandler.<init>(UIActionHandler.java:30) [bin/:na]
	at edu.cmu.ui.ControllerUI.<init>(ControllerUI.java:75) [bin/:na]
	at edu.cmu.ui.ControllerUI$5.run(ControllerUI.java:298) [bin/:na]
	at java.awt.event.InvocationEvent.dispatch(InvocationEvent.java:251) [na:1.7.0_04]
	at java.awt.EventQueue.dispatchEventImpl(EventQueue.java:701) [na:1.7.0_04]
	at java.awt.EventQueue.access$000(EventQueue.java:102) [na:1.7.0_04]
	at java.awt.EventQueue$3.run(EventQueue.java:662) [na:1.7.0_04]
	at java.awt.EventQueue$3.run(EventQueue.java:660) [na:1.7.0_04]
	at java.security.AccessController.doPrivileged(Native Method) [na:1.7.0_04]
	at java.security.ProtectionDomain$1.doIntersectionPrivilege(ProtectionDomain.java:76) [na:1.7.0_04]
	at java.awt.EventQueue.dispatchEvent(EventQueue.java:671) [na:1.7.0_04]
	at java.awt.EventDispatchThread.pumpOneEventForFilters(EventDispatchThread.java:244) [na:1.7.0_04]
	at java.awt.EventDispatchThread.pumpEventsForFilter(EventDispatchThread.java:163) [na:1.7.0_04]
	at java.awt.EventDispatchThread.pumpEventsForHierarchy(EventDispatchThread.java:151) [na:1.7.0_04]
	at java.awt.EventDispatchThread.pumpEvents(EventDispatchThread.java:147) [na:1.7.0_04]
	at java.awt.EventDispatchThread.pumpEvents(EventDispatchThread.java:139) [na:1.7.0_04]
	at java.awt.EventDispatchThread.run(EventDispatchThread.java:97) [na:1.7.0_04]
28 Apr 2013 ;17:54:39. ERROR [ControllerUI.java:78] Error occured when intializing the server.
28 Apr 2013 ;17:54:39. ERROR [EmulatorLogger.java:56] Exception occurred. Printing stack trace.
java.lang.Exception: Invalid OS. Emulator only supports Windows/Linux.
	at edu.cmu.ui.UIActionHandler.<init>(UIActionHandler.java:42) ~[bin/:na]
	at edu.cmu.ui.UIActionHandler.<init>(UIActionHandler.java:30) ~[bin/:na]
	at edu.cmu.ui.ControllerUI.<init>(ControllerUI.java:75) ~[bin/:na]
	at edu.cmu.ui.ControllerUI$5.run(ControllerUI.java:298) [bin/:na]
	at java.awt.event.InvocationEvent.dispatch(InvocationEvent.java:251) [na:1.7.0_04]
	at java.awt.EventQueue.dispatchEventImpl(EventQueue.java:701) [na:1.7.0_04]
	at java.awt.EventQueue.access$000(EventQueue.java:102) [na:1.7.0_04]
	at java.awt.EventQueue$3.run(EventQueue.java:662) [na:1.7.0_04]
	at java.awt.EventQueue$3.run(EventQueue.java:660) [na:1.7.0_04]
	at java.security.AccessController.doPrivileged(Native Method) [na:1.7.0_04]
	at java.security.ProtectionDomain$1.doIntersectionPrivilege(ProtectionDomain.java:76) [na:1.7.0_04]
	at java.awt.EventQueue.dispatchEvent(EventQueue.java:671) [na:1.7.0_04]
	at java.awt.EventDispatchThread.pumpOneEventForFilters(EventDispatchThread.java:244) [na:1.7.0_04]
	at java.awt.EventDispatchThread.pumpEventsForFilter(EventDispatchThread.java:163) [na:1.7.0_04]
	at java.awt.EventDispatchThread.pumpEventsForHierarchy(EventDispatchThread.java:151) [na:1.7.0_04]
	at java.awt.EventDispatchThread.pumpEvents(EventDispatchThread.java:147) [na:1.7.0_04]
	at java.awt.EventDispatchThread.pumpEvents(EventDispatchThread.java:139) [na:1.7.0_04]
	at java.awt.EventDispatchThread.run(EventDispatchThread.java:97) [na:1.7.0_04]
28 Apr 2013 ;17:54:41. INFO [ControllerUI.java:153] Exiting application
28 Apr 2013 ;18:31:19. ERROR [UIActionHandler.java:40] Invalid OS. Emulator only supports Windows/Linux.
28 Apr 2013 ;18:31:19. ERROR [EmulatorLogger.java:56] Exception occurred. Printing stack trace.
java.lang.Exception: Invalid OS. Emulator only supports Windows/Linux.
	at edu.cmu.ui.UIActionHandler.<init>(UIActionHandler.java:41) [bin/:na]
	at edu.cmu.ui.UIActionHandler.<init>(UIActionHandler.java:29) [bin/:na]
	at edu.cmu.ui.ControllerUI.<init>(ControllerUI.java:76) [bin/:na]
	at edu.cmu.ui.ControllerUI$5.run(ControllerUI.java:289) [bin/:na]
	at java.awt.event.InvocationEvent.dispatch(InvocationEvent.java:251) [na:1.7.0_04]
	at java.awt.EventQueue.dispatchEventImpl(EventQueue.java:701) [na:1.7.0_04]
	at java.awt.EventQueue.access$000(EventQueue.java:102) [na:1.7.0_04]
	at java.awt.EventQueue$3.run(EventQueue.java:662) [na:1.7.0_04]
	at java.awt.EventQueue$3.run(EventQueue.java:660) [na:1.7.0_04]
	at java.security.AccessController.doPrivileged(Native Method) [na:1.7.0_04]
	at java.security.ProtectionDomain$1.doIntersectionPrivilege(ProtectionDomain.java:76) [na:1.7.0_04]
	at java.awt.EventQueue.dispatchEvent(EventQueue.java:671) [na:1.7.0_04]
	at java.awt.EventDispatchThread.pumpOneEventForFilters(EventDispatchThread.java:244) [na:1.7.0_04]
	at java.awt.EventDispatchThread.pumpEventsForFilter(EventDispatchThread.java:163) [na:1.7.0_04]
	at java.awt.EventDispatchThread.pumpEventsForHierarchy(EventDispatchThread.java:151) [na:1.7.0_04]
	at java.awt.EventDispatchThread.pumpEvents(EventDispatchThread.java:147) [na:1.7.0_04]
	at java.awt.EventDispatchThread.pumpEvents(EventDispatchThread.java:139) [na:1.7.0_04]
	at java.awt.EventDispatchThread.run(EventDispatchThread.java:97) [na:1.7.0_04]
28 Apr 2013 ;18:31:19. ERROR [ControllerUI.java:79] Error occured when intializing the server.
28 Apr 2013 ;18:31:19. ERROR [EmulatorLogger.java:56] Exception occurred. Printing stack trace.
java.lang.Exception: Invalid OS. Emulator only supports Windows/Linux.
	at edu.cmu.ui.UIActionHandler.<init>(UIActionHandler.java:41) ~[bin/:na]
	at edu.cmu.ui.UIActionHandler.<init>(UIActionHandler.java:29) ~[bin/:na]
	at edu.cmu.ui.ControllerUI.<init>(ControllerUI.java:76) ~[bin/:na]
	at edu.cmu.ui.ControllerUI$5.run(ControllerUI.java:289) [bin/:na]
	at java.awt.event.InvocationEvent.dispatch(InvocationEvent.java:251) [na:1.7.0_04]
	at java.awt.EventQueue.dispatchEventImpl(EventQueue.java:701) [na:1.7.0_04]
	at java.awt.EventQueue.access$000(EventQueue.java:102) [na:1.7.0_04]
	at java.awt.EventQueue$3.run(EventQueue.java:662) [na:1.7.0_04]
	at java.awt.EventQueue$3.run(EventQueue.java:660) [na:1.7.0_04]
	at java.security.AccessController.doPrivileged(Native Method) [na:1.7.0_04]
	at java.security.ProtectionDomain$1.doIntersectionPrivilege(ProtectionDomain.java:76) [na:1.7.0_04]
	at java.awt.EventQueue.dispatchEvent(EventQueue.java:671) [na:1.7.0_04]
	at java.awt.EventDispatchThread.pumpOneEventForFilters(EventDispatchThread.java:244) [na:1.7.0_04]
	at java.awt.EventDispatchThread.pumpEventsForFilter(EventDispatchThread.java:163) [na:1.7.0_04]
	at java.awt.EventDispatchThread.pumpEventsForHierarchy(EventDispatchThread.java:151) [na:1.7.0_04]
	at java.awt.EventDispatchThread.pumpEvents(EventDispatchThread.java:147) [na:1.7.0_04]
	at java.awt.EventDispatchThread.pumpEvents(EventDispatchThread.java:139) [na:1.7.0_04]
	at java.awt.EventDispatchThread.run(EventDispatchThread.java:97) [na:1.7.0_04]
28 Apr 2013 ;18:31:22. INFO [ControllerUI.java:148] Exiting application
