28 Mar 2013 ;17:38:55. INFO [JettyServer.java:44] Initializing server. Port: 8887
28 Mar 2013 ;17:38:55. INFO [JettyServer.java:87] Initializing servlet.
28 Mar 2013 ;17:38:55. INFO [JettyServer.java:46] Server and servlet initialized. Ready for JettyServer#startServer()
28 Mar 2013 ;17:44:17. INFO [JettyServer.java:44] Initializing server. Port: 8887
28 Mar 2013 ;17:44:17. INFO [JettyServer.java:87] Initializing servlet.
28 Mar 2013 ;17:44:17. INFO [JettyServer.java:46] Server and servlet initialized. Ready for JettyServer#startServer()
28 Mar 2013 ;17:44:18. INFO [JettyServer.java:57] Stopping server.
28 Mar 2013 ;17:44:18. INFO [JettyServer.java:59] Server stopped.
28 Mar 2013 ;17:44:21. INFO [JettyServer.java:44] Initializing server. Port: 8887
28 Mar 2013 ;17:44:21. INFO [JettyServer.java:87] Initializing servlet.
28 Mar 2013 ;17:44:21. INFO [JettyServer.java:46] Server and servlet initialized. Ready for JettyServer#startServer()
28 Mar 2013 ;17:44:22. INFO [JettyServer.java:57] Stopping server.
28 Mar 2013 ;17:44:22. INFO [JettyServer.java:59] Server stopped.
06 Apr 2013 ;17:09:30. INFO [JettyServer.java:44] Initializing server. Port: 8887
06 Apr 2013 ;17:09:30. INFO [JettyServer.java:87] Initializing servlet.
06 Apr 2013 ;17:09:31. INFO [JettyServer.java:46] Server and servlet initialized. Ready for JettyServer#startServer()
06 Apr 2013 ;17:09:32. INFO [JettyServer.java:50] Starting server.
06 Apr 2013 ;17:09:33. INFO [JettyServer.java:52] Server started.
06 Apr 2013 ;17:10:35. INFO [JettyServer.java:44] Initializing server. Port: 8887
06 Apr 2013 ;17:10:35. INFO [JettyServer.java:87] Initializing servlet.
06 Apr 2013 ;17:10:35. INFO [JettyServer.java:46] Server and servlet initialized. Ready for JettyServer#startServer()
06 Apr 2013 ;17:10:36. INFO [JettyServer.java:50] Starting server.
06 Apr 2013 ;17:10:36. INFO [JettyServer.java:52] Server started.
06 Apr 2013 ;17:11:09. INFO [JettyServer.java:57] Stopping server.
06 Apr 2013 ;17:11:09. INFO [JettyServer.java:59] Server stopped.
06 Apr 2013 ;17:22:28. INFO [JettyServer.java:44] Initializing server. Port: 8887
06 Apr 2013 ;17:22:28. INFO [JettyServer.java:87] Initializing servlet.
06 Apr 2013 ;17:22:28. INFO [JettyServer.java:46] Server and servlet initialized. Ready for JettyServer#startServer()
06 Apr 2013 ;17:22:29. INFO [JettyServer.java:50] Starting server.
06 Apr 2013 ;17:22:29. INFO [JettyServer.java:52] Server started.
06 Apr 2013 ;17:25:07. INFO [JettyServer.java:57] Stopping server.
06 Apr 2013 ;17:25:07. INFO [JettyServer.java:59] Server stopped.
06 Apr 2013 ;17:27:49. INFO [JettyServer.java:44] Initializing server. Port: 8887
06 Apr 2013 ;17:27:49. INFO [JettyServer.java:87] Initializing servlet.
06 Apr 2013 ;17:27:49. INFO [JettyServer.java:46] Server and servlet initialized. Ready for JettyServer#startServer()
06 Apr 2013 ;17:27:50. INFO [JettyServer.java:50] Starting server.
06 Apr 2013 ;17:27:50. INFO [JettyServer.java:52] Server started.
06 Apr 2013 ;17:31:43. INFO [JettyServer.java:44] Initializing server. Port: 8887
06 Apr 2013 ;17:31:43. INFO [JettyServer.java:87] Initializing servlet.
06 Apr 2013 ;17:31:44. INFO [JettyServer.java:46] Server and servlet initialized. Ready for JettyServer#startServer()
06 Apr 2013 ;17:31:44. INFO [JettyServer.java:50] Starting server.
06 Apr 2013 ;17:31:45. INFO [JettyServer.java:52] Server started.
06 Apr 2013 ;17:33:29. INFO [JettyServer.java:44] Initializing server. Port: 8887
06 Apr 2013 ;17:33:29. INFO [JettyServer.java:87] Initializing servlet.
06 Apr 2013 ;17:33:30. INFO [JettyServer.java:46] Server and servlet initialized. Ready for JettyServer#startServer()
06 Apr 2013 ;17:33:30. INFO [JettyServer.java:50] Starting server.
06 Apr 2013 ;17:33:30. INFO [JettyServer.java:52] Server started.
06 Apr 2013 ;17:34:05. INFO [JettyServer.java:44] Initializing server. Port: 8887
06 Apr 2013 ;17:34:05. INFO [JettyServer.java:87] Initializing servlet.
06 Apr 2013 ;17:34:05. INFO [JettyServer.java:46] Server and servlet initialized. Ready for JettyServer#startServer()
06 Apr 2013 ;17:34:05. INFO [JettyServer.java:50] Starting server.
06 Apr 2013 ;17:34:05. INFO [JettyServer.java:52] Server started.
06 Apr 2013 ;17:51:22. INFO [JettyServer.java:44] Initializing server. Port: 8887
06 Apr 2013 ;17:51:22. INFO [JettyServer.java:87] Initializing servlet.
06 Apr 2013 ;17:51:22. INFO [JettyServer.java:46] Server and servlet initialized. Ready for JettyServer#startServer()
06 Apr 2013 ;17:51:22. INFO [JettyServer.java:50] Starting server.
06 Apr 2013 ;17:51:22. INFO [JettyServer.java:52] Server started.
