02 Mar 2013 ;17:18:54. INFO [JettyServer.java:47] Server initialized. Port: 8887
02 Mar 2013 ;17:18:54. INFO [JettyServer.java:89] Initializing servlet.
02 Mar 2013 ;17:18:58. INFO [JettyServer.java:59] Stopping server.
02 Mar 2013 ;17:18:58. INFO [JettyServer.java:61] Server stopped.
02 Mar 2013 ;17:34:33. INFO [JettyServer.java:47] Server initialized. Port: 8887
02 Mar 2013 ;17:34:33. INFO [JettyServer.java:89] Initializing servlet.
02 Mar 2013 ;17:34:34. INFO [JettyServer.java:52] Starting server.
02 Mar 2013 ;17:34:34. INFO [JettyServer.java:54] Server started.
02 Mar 2013 ;17:37:37. INFO [JettyServer.java:59] Stopping server.
02 Mar 2013 ;17:37:37. INFO [JettyServer.java:61] Server stopped.
02 Mar 2013 ;17:37:41. INFO [JettyServer.java:47] Server initialized. Port: 8887
02 Mar 2013 ;17:37:41. INFO [JettyServer.java:89] Initializing servlet.
02 Mar 2013 ;17:37:42. INFO [JettyServer.java:52] Starting server.
02 Mar 2013 ;17:37:42. INFO [JettyServer.java:54] Server started.
02 Mar 2013 ;17:38:27. INFO [JettyServer.java:59] Stopping server.
02 Mar 2013 ;17:38:27. INFO [JettyServer.java:61] Server stopped.
05 Mar 2013 ;17:03:49. INFO [JettyServer.java:44] Intializing server. Port: 8887
05 Mar 2013 ;17:03:49. INFO [JettyServer.java:87] Initializing servlet.
05 Mar 2013 ;17:03:49. INFO [JettyServer.java:46] Server and servlet intialized. Ready for start()
05 Mar 2013 ;17:03:56. INFO [JettyServer.java:50] Starting server.
05 Mar 2013 ;17:03:57. INFO [JettyServer.java:52] Server started.
05 Mar 2013 ;17:04:00. INFO [JettyServer.java:57] Stopping server.
05 Mar 2013 ;17:04:00. INFO [JettyServer.java:59] Server stopped.
